<?xml version="1.0" encoding="UTF-8"?>
<!-- Generated by org.testng.reporters.JUnitReportReporter -->
<testsuite skipped="0" hostname="Veeranti" name="com.test.TestB" tests="3" failures="0" timestamp="10 May 2018 03:02:01 GMT" time="0.014" errors="0">
  <testcase name="deleteVendor" time="0.001" classname="com.test.TestB"/>
  <testcase name="deleteProduct" time="0.003" classname="com.test.TestB"/>
  <testcase name="deleteCurrency" time="0.010" classname="com.test.TestB"/>
</testsuite> <!-- com.test.TestB -->
