<?xml version="1.0" encoding="UTF-8"?>
<!-- Generated by org.testng.reporters.JUnitReportReporter -->
<testsuite skipped="0" hostname="Veeranti" name="com.test.TestA" tests="3" failures="0" timestamp="10 May 2018 03:02:01 GMT" time="0.015" errors="0">
  <testcase name="addVendor" time="0.008" classname="com.test.TestA"/>
  <testcase name="addProduct" time="0.002" classname="com.test.TestA"/>
  <testcase name="addCurrency" time="0.005" classname="com.test.TestA"/>
</testsuite> <!-- com.test.TestA -->
